{
  "RSpec": {
    "coverage": {
      "/Users/textchimp/wdi/classwork/week10/fruitstore-tdd/app/controllers/dogs_controller.rb": [
        1,
        1,
        null,
        null,
        null,
        1,
        1,
        null,
        null,
        null,
        null,
        1,
        null,
        null,
        null,
        1,
        1,
        null,
        null,
        null,
        1,
        null,
        null,
        null,
        null,
        1,
        0,
        null,
        0,
        0,
        0,
        0,
        null,
        0,
        0,
        null,
        null,
        null,
        null,
        null,
        null,
        1,
        0,
        0,
        0,
        0,
        null,
        0,
        0,
        null,
        null,
        null,
        null,
        null,
        null,
        1,
        0,
        0,
        0,
        0,
        null,
        null,
        null,
        1,
        null,
        1,
        0,
        null,
        null,
        null,
        1,
        0,
        null,
        null
      ],
      "/Users/textchimp/wdi/classwork/week10/fruitstore-tdd/app/controllers/application_controller.rb": [
        1,
        null
      ],
      "/Users/textchimp/wdi/classwork/week10/fruitstore-tdd/spec/controllers/fruits_controller_spec.rb": [
        1,
        null,
        1,
        null,
        null,
        1,
        null,
        1,
        20,
        null,
        null,
        1,
        null,
        1,
        3,
        null,
        null,
        1,
        1,
        null,
        null,
        1,
        1,
        null,
        null,
        1,
        null,
        1,
        1,
        1,
        1,
        null,
        null,
        null,
        null,
        null,
        1,
        null,
        1,
        2,
        null,
        null,
        1,
        1,
        null,
        null,
        1,
        1,
        1,
        1,
        null,
        null,
        null,
        null,
        null,
        null,
        null,
        1,
        null,
        1,
        null,
        1,
        3,
        null,
        null,
        1,
        1,
        null,
        null,
        1,
        1,
        null,
        null,
        1,
        1,
        null,
        null,
        null,
        null,
        null,
        null,
        1,
        null,
        1,
        2,
        null,
        null,
        1,
        1,
        null,
        null,
        1,
        1,
        null,
        null,
        null,
        null,
        null,
        null,
        null,
        null,
        null,
        null,
        null
      ],
      "/Users/textchimp/wdi/classwork/week10/fruitstore-tdd/app/controllers/fruits_controller.rb": [
        1,
        1,
        7,
        null,
        7,
        7,
        9,
        null,
        null,
        null,
        null,
        1,
        5,
        5,
        3,
        null,
        2,
        null,
        null,
        null,
        1,
        null,
        1,
        5,
        null,
        null,
        null,
        null
      ],
      "/Users/textchimp/wdi/classwork/week10/fruitstore-tdd/spec/features/fruits_spec.rb": [
        1,
        null,
        1,
        null,
        1,
        null,
        1,
        8,
        2,
        null,
        null,
        1,
        null,
        1,
        null,
        null,
        1,
        1,
        null,
        null,
        null,
        null,
        null
      ],
      "/Users/textchimp/wdi/classwork/week10/fruitstore-tdd/app/models/fruit.rb": [
        1,
        null,
        1,
        null,
        1,
        null,
        1,
        0,
        null,
        null,
        1,
        null,
        0,
        0,
        null,
        null,
        null,
        null
      ],
      "/Users/textchimp/wdi/classwork/week10/fruitstore-tdd/app/models/application_record.rb": [
        1,
        1,
        null
      ],
      "/Users/textchimp/wdi/classwork/week10/fruitstore-tdd/spec/helpers/dogs_helper_spec.rb": [
        1,
        null,
        null,
        null,
        null,
        null,
        null,
        null,
        null,
        null,
        null,
        null,
        1,
        1,
        null
      ],
      "/Users/textchimp/wdi/classwork/week10/fruitstore-tdd/spec/helpers/fruits_helper_spec.rb": [
        1,
        null,
        null,
        null,
        null,
        null,
        null,
        null,
        null,
        null,
        null,
        null,
        1,
        null,
        null
      ],
      "/Users/textchimp/wdi/classwork/week10/fruitstore-tdd/spec/models/dog_spec.rb": [
        1,
        null,
        1,
        1,
        null
      ],
      "/Users/textchimp/wdi/classwork/week10/fruitstore-tdd/app/models/dog.rb": [
        1,
        null
      ],
      "/Users/textchimp/wdi/classwork/week10/fruitstore-tdd/spec/models/fruit_spec.rb": [
        1,
        null,
        1,
        null,
        null,
        null,
        null,
        null,
        2,
        null,
        null,
        1,
        null,
        1,
        4,
        null,
        null,
        1,
        1,
        null,
        1,
        null,
        null,
        null,
        1,
        1,
        1,
        null,
        null,
        1,
        1,
        null,
        1,
        1,
        1,
        null,
        null,
        1,
        1,
        null,
        null,
        null,
        null,
        null
      ],
      "/Users/textchimp/wdi/classwork/week10/fruitstore-tdd/spec/models/shelf_spec.rb": [
        1,
        null,
        1,
        null,
        2,
        null,
        null
      ],
      "/Users/textchimp/wdi/classwork/week10/fruitstore-tdd/app/models/shelf.rb": [
        1,
        null,
        1,
        null,
        null
      ],
      "/Users/textchimp/wdi/classwork/week10/fruitstore-tdd/spec/requests/dogs_spec.rb": [
        1,
        null,
        1,
        1,
        1,
        1,
        1,
        null,
        null,
        null
      ],
      "/Users/textchimp/wdi/classwork/week10/fruitstore-tdd/spec/routing/dogs_routing_spec.rb": [
        1,
        null,
        1,
        1,
        null,
        1,
        1,
        null,
        null,
        1,
        1,
        null,
        null,
        1,
        1,
        null,
        null,
        1,
        1,
        null,
        null,
        1,
        1,
        null,
        null,
        1,
        1,
        null,
        null,
        1,
        1,
        null,
        null,
        1,
        1,
        null,
        null,
        null,
        null
      ],
      "/Users/textchimp/wdi/classwork/week10/fruitstore-tdd/spec/views/dogs/edit.html.erb_spec.rb": [
        1,
        null,
        1,
        1,
        1,
        null,
        null,
        null,
        null,
        null,
        1,
        1,
        null,
        1,
        null,
        1,
        null,
        1,
        null,
        null,
        null
      ],
      "/Users/textchimp/wdi/classwork/week10/fruitstore-tdd/spec/views/dogs/index.html.erb_spec.rb": [
        1,
        null,
        1,
        1,
        1,
        null,
        null,
        null,
        null,
        null,
        null,
        null,
        null,
        null,
        null,
        null,
        1,
        1,
        1,
        1,
        null,
        null
      ],
      "/Users/textchimp/wdi/classwork/week10/fruitstore-tdd/spec/views/dogs/new.html.erb_spec.rb": [
        1,
        null,
        1,
        1,
        1,
        null,
        null,
        null,
        null,
        null,
        1,
        1,
        null,
        1,
        null,
        1,
        null,
        1,
        null,
        null,
        null
      ],
      "/Users/textchimp/wdi/classwork/week10/fruitstore-tdd/spec/views/dogs/show.html.erb_spec.rb": [
        1,
        null,
        1,
        1,
        1,
        null,
        null,
        null,
        null,
        null,
        1,
        1,
        1,
        1,
        null,
        null
      ],
      "/Users/textchimp/wdi/classwork/week10/fruitstore-tdd/spec/views/fruits/index.html.erb_spec.rb": [
        1,
        null,
        1,
        null,
        null
      ],
      "/Users/textchimp/wdi/classwork/week10/fruitstore-tdd/app/models/pear.rb": [
        null,
        null,
        1,
        null,
        1,
        1,
        null,
        null,
        null
      ]
    },
    "timestamp": 1529547341
  }
}
